<?xml version="1.0" encoding="UTF-8"?>
<!-- Generated by org.testng.reporters.JUnitReportReporter -->
<testsuite hostname="DESKTOP-P2BVMSV" failures="0" tests="1" name="test.MultipleSelectionTest" time="37.292" errors="0" timestamp="2024-05-11T23:43:41 BDT" skipped="0">
  <testcase classname="test.MultipleSelectionTest" name="Dashboard" time="37.292"/>
  <system-out/>
</testsuite> <!-- test.MultipleSelectionTest -->
