<?xml version="1.0" encoding="UTF-8"?>
<!-- Generated by org.testng.reporters.JUnitReportReporter -->
<testsuite hostname="DESKTOP-P2BVMSV" failures="0" tests="4" name="test.LoginTest" time="73.542" errors="0" timestamp="2024-05-11T23:43:41 BDT" skipped="0">
  <testcase classname="test.LoginTest" name="LoginwithInvalid2" time="11.129"/>
  <system-out/>
  <testcase classname="test.LoginTest" name="LoginwithInvalid2" time="13.648"/>
  <system-out/>
  <testcase classname="test.LoginTest" name="LoginwithInvalid2" time="11.084"/>
  <system-out/>
  <testcase classname="test.LoginTest" name="LoginwithInvalid2" time="37.681"/>
  <system-out/>
</testsuite> <!-- test.LoginTest -->
