<?xml version="1.0" encoding="UTF-8"?>
<!-- Generated by org.testng.reporters.JUnitReportReporter -->
<testsuite hostname="DESKTOP-P2BVMSV" failures="0" tests="2" name="test.LoginTest" time="39.642" errors="0" timestamp="2024-05-11T15:50:52 BDT" skipped="0">
  <testcase classname="test.LoginTest" name="LoginwithInvalid2" time="11.341"/>
  <system-out/>
  <testcase classname="test.LoginTest" name="LoginwithInvalid2" time="28.301"/>
  <system-out/>
</testsuite> <!-- test.LoginTest -->
