<?xml version="1.0" encoding="UTF-8"?>
<!-- Generated by org.testng.reporters.JUnitReportReporter -->
<testsuite hostname="DESKTOP-P2BVMSV" failures="0" tests="1" name="test.DashboardTest" time="61.142" errors="0" timestamp="2024-05-11T15:50:52 BDT" skipped="0">
  <testcase classname="test.DashboardTest" name="Dashboard" time="61.142"/>
  <system-out/>
</testsuite> <!-- test.DashboardTest -->
