<?xml version="1.0" encoding="UTF-8"?>
<!-- Generated by org.testng.reporters.JUnitReportReporter -->
<testsuite hostname="DESKTOP-P2BVMSV" failures="0" tests="1" name="test.TerminateTest" time="8.790" errors="0" timestamp="2024-05-11T23:43:41 BDT" skipped="0">
  <testcase classname="test.TerminateTest" name="Dashboard" time="8.790"/>
  <system-out/>
</testsuite> <!-- test.TerminateTest -->
