<?xml version="1.0" encoding="UTF-8"?>
<!-- Generated by org.testng.reporters.JUnitReportReporter -->
<testsuite hostname="DESKTOP-P2BVMSV" failures="0" tests="1" name="test.SearchTest" time="8.977" errors="0" timestamp="2024-05-11T23:43:41 BDT" skipped="0">
  <testcase classname="test.SearchTest" name="Dashboard" time="8.977"/>
  <system-out/>
</testsuite> <!-- test.SearchTest -->
