<?xml version="1.0" encoding="UTF-8"?>
<!-- Generated by org.testng.reporters.JUnitReportReporter -->
<testsuite hostname="DESKTOP-P2BVMSV" failures="0" tests="1" name="test.DashboardTest" time="40.355" errors="0" timestamp="2024-05-11T23:43:41 BDT" skipped="0">
  <testcase classname="test.DashboardTest" name="Dashboard" time="40.355"/>
  <system-out/>
</testsuite> <!-- test.DashboardTest -->
